d:\owais\oop-project\oop project\debug\oop project.pch
d:\owais\oop-project\oop project\debug\vc143.pdb
d:\owais\oop-project\oop project\debug\vc143.idb
d:\owais\oop-project\oop project\debug\stdafx.obj
d:\owais\oop-project\oop project\debug\windowsettings.obj
d:\owais\oop-project\oop project\debug\tilemap.obj
d:\owais\oop-project\oop project\debug\tile.obj
d:\owais\oop-project\oop project\debug\textureselector.obj
d:\owais\oop-project\oop project\debug\state.obj
d:\owais\oop-project\oop project\debug\settingsstate.obj
d:\owais\oop-project\oop project\debug\player.obj
d:\owais\oop-project\oop project\debug\platform.obj
d:\owais\oop-project\oop project\debug\pausemenu.obj
d:\owais\oop-project\oop project\debug\oop project.obj
d:\owais\oop-project\oop project\debug\mainmenustate.obj
d:\owais\oop-project\oop project\debug\gamestate.obj
d:\owais\oop-project\oop project\debug\gameengine.obj
d:\owais\oop-project\oop project\debug\game.obj
d:\owais\oop-project\oop project\debug\enemy.obj
d:\owais\oop-project\oop project\debug\editorstate.obj
d:\owais\oop-project\oop project\debug\dropdownlist.obj
d:\owais\oop-project\oop project\debug\button.obj
d:\owais\oop-project\oop project\debug\animation.obj
d:\owais\oop-project\debug\oop project.exe
d:\owais\oop-project\debug\oop project.pdb
d:\owais\oop-project\oop project\debug\oop project.ilk
d:\owais\oop-project\oop project\debug\oop project.tlog\cl.command.1.tlog
d:\owais\oop-project\oop project\debug\oop project.tlog\cl.items.tlog
d:\owais\oop-project\oop project\debug\oop project.tlog\cl.read.1.tlog
d:\owais\oop-project\oop project\debug\oop project.tlog\cl.write.1.tlog
d:\owais\oop-project\oop project\debug\oop project.tlog\link.command.1.tlog
d:\owais\oop-project\oop project\debug\oop project.tlog\link.read.1.tlog
d:\owais\oop-project\oop project\debug\oop project.tlog\link.secondary.1.tlog
d:\owais\oop-project\oop project\debug\oop project.tlog\link.write.1.tlog
